c:\github\radchipreleasebin\radserv\cse125\release\vc120.pdb
c:\github\radchipreleasebin\radserv\cse125\release\window.obj
c:\github\radchipreleasebin\radserv\cse125\release\weapon.obj
c:\github\radchipreleasebin\radserv\cse125\release\vao.obj
c:\github\radchipreleasebin\radserv\cse125\release\texture.obj
c:\github\radchipreleasebin\radserv\cse125\release\shadercontroller.obj
c:\github\radchipreleasebin\radserv\cse125\release\rangeweapon.obj
c:\github\radchipreleasebin\radserv\cse125\release\projectile.obj
c:\github\radchipreleasebin\radserv\cse125\release\playerchar.obj
c:\github\radchipreleasebin\radserv\cse125\release\ogldev_util.obj
c:\github\radchipreleasebin\radserv\cse125\release\mesh.obj
c:\github\radchipreleasebin\radserv\cse125\release\item.obj
c:\github\radchipreleasebin\radserv\cse125\release\helpers.obj
c:\github\radchipreleasebin\radserv\cse125\release\glutils.obj
c:\github\radchipreleasebin\radserv\cse125\release\glslprogram.obj
c:\github\radchipreleasebin\radserv\cse125\release\configsettings.obj
c:\github\radchipreleasebin\radserv\cse125\release\boots.obj
c:\github\radchipreleasebin\radserv\cse125\release\billboard_list.obj
c:\github\radchipreleasebin\radserv\cse125\release\cse125.exe
c:\github\radchipreleasebin\radserv\cse125\release\cse125.pdb
c:\github\radchipreleasebin\radserv\cse125\release\cse125.tlog\cl.command.1.tlog
c:\github\radchipreleasebin\radserv\cse125\release\cse125.tlog\cl.read.1.tlog
c:\github\radchipreleasebin\radserv\cse125\release\cse125.tlog\cl.write.1.tlog
c:\github\radchipreleasebin\radserv\cse125\release\cse125.tlog\link.command.1.tlog
c:\github\radchipreleasebin\radserv\cse125\release\cse125.tlog\link.read.1.tlog
c:\github\radchipreleasebin\radserv\cse125\release\cse125.tlog\link.write.1.tlog
