c:\users\dshipps\desktop\github\radchipreleasebin\radcli\cse125\release\vc120.pdb
c:\users\dshipps\desktop\github\radchipreleasebin\radcli\cse125\release\window.obj
c:\users\dshipps\desktop\github\radchipreleasebin\radcli\cse125\release\vao.obj
c:\users\dshipps\desktop\github\radchipreleasebin\radcli\cse125\release\texture.obj
c:\users\dshipps\desktop\github\radchipreleasebin\radcli\cse125\release\shadercontroller.obj
c:\users\dshipps\desktop\github\radchipreleasebin\radcli\cse125\release\projectile.obj
c:\users\dshipps\desktop\github\radchipreleasebin\radcli\cse125\release\parseopts.obj
c:\users\dshipps\desktop\github\radchipreleasebin\radcli\cse125\release\ogldev_util.obj
c:\users\dshipps\desktop\github\radchipreleasebin\radcli\cse125\release\mesh_static.obj
c:\users\dshipps\desktop\github\radchipreleasebin\radcli\cse125\release\mesh.obj
c:\users\dshipps\desktop\github\radchipreleasebin\radcli\cse125\release\helpers.obj
c:\users\dshipps\desktop\github\radchipreleasebin\radcli\cse125\release\glutils.obj
c:\users\dshipps\desktop\github\radchipreleasebin\radcli\cse125\release\glslprogram.obj
c:\users\dshipps\desktop\github\radchipreleasebin\radcli\cse125\release\cxboxcontroller.obj
c:\users\dshipps\desktop\github\radchipreleasebin\radcli\cse125\release\configsettings.obj
c:\users\dshipps\desktop\github\radchipreleasebin\radcli\cse125\release\billboard_list.obj
c:\users\dshipps\desktop\github\radchipreleasebin\radcli\cse125\release\cse125.exe
c:\users\dshipps\desktop\github\radchipreleasebin\radcli\cse125\release\cse125.pdb
c:\youmomisfat\radchipreleasebin\radcli\cse125\release\billboard_list.obj
c:\youmomisfat\radchipreleasebin\radcli\cse125\release\configsettings.obj
c:\youmomisfat\radchipreleasebin\radcli\cse125\release\cxboxcontroller.obj
c:\youmomisfat\radchipreleasebin\radcli\cse125\release\glslprogram.obj
c:\youmomisfat\radchipreleasebin\radcli\cse125\release\glutils.obj
c:\youmomisfat\radchipreleasebin\radcli\cse125\release\helpers.obj
c:\youmomisfat\radchipreleasebin\radcli\cse125\release\mesh.obj
c:\youmomisfat\radchipreleasebin\radcli\cse125\release\mesh_static.obj
c:\youmomisfat\radchipreleasebin\radcli\cse125\release\ogldev_util.obj
c:\youmomisfat\radchipreleasebin\radcli\cse125\release\parseopts.obj
c:\youmomisfat\radchipreleasebin\radcli\cse125\release\projectile.obj
c:\youmomisfat\radchipreleasebin\radcli\cse125\release\shadercontroller.obj
c:\youmomisfat\radchipreleasebin\radcli\cse125\release\texture.obj
c:\youmomisfat\radchipreleasebin\radcli\cse125\release\vao.obj
c:\youmomisfat\radchipreleasebin\radcli\cse125\release\window.obj
c:\youmomisfat\radchipreleasebin\radcli\cse125\release\cse125.pdb
c:\youmomisfat\radchipreleasebin\radcli\cse125\release\vc120.pdb
c:\youmomisfat\radchipreleasebin\radcli\cse125\release\cse125.exe
c:\youmomisfat\radchipreleasebin\radcli\cse125\release\cse125.tlog\cl.command.1.tlog
c:\youmomisfat\radchipreleasebin\radcli\cse125\release\cse125.tlog\cl.read.1.tlog
c:\youmomisfat\radchipreleasebin\radcli\cse125\release\cse125.tlog\cl.write.1.tlog
c:\youmomisfat\radchipreleasebin\radcli\cse125\release\cse125.tlog\link.command.1.tlog
c:\youmomisfat\radchipreleasebin\radcli\cse125\release\cse125.tlog\link.read.1.tlog
c:\youmomisfat\radchipreleasebin\radcli\cse125\release\cse125.tlog\link.write.1.tlog
